2017-08-14 17:51:59,132 INFO [main] c.f.c.o.s.Application [StartupInfoLogger.java:48] - Starting Application on sky-pc.local with PID 32023 (/Users/sky/fun/java/oss/oss-server/target/classes started by sky in /Users/sky/fun/java/oss/oss-server)
2017-08-14 17:51:59,149 INFO [main] c.f.c.o.s.Application [SpringApplication.java:597] - The following profiles are active: dev
2017-08-14 17:51:59,227 INFO [main] o.s.b.c.e.AnnotationConfigEmbeddedWebApplicationContext [AbstractApplicationContext.java:583] - Refreshing org.springframework.boot.context.embedded.AnnotationConfigEmbeddedWebApplicationContext@794cb805: startup date [Mon Aug 14 17:51:59 CST 2017]; root of context hierarchy
2017-08-14 17:52:00,118 INFO [background-preinit] o.h.v.i.u.Version [Version.java:30] - HV000001: Hibernate Validator 5.3.5.Final
2017-08-14 17:52:00,450 INFO [main] o.s.b.f.s.DefaultListableBeanFactory [DefaultListableBeanFactory.java:828] - Overriding bean definition for bean 'requestContextFilter' with a different definition: replacing [Root bean: class [null]; scope=; abstract=false; lazyInit=false; autowireMode=3; dependencyCheck=0; autowireCandidate=true; primary=false; factoryBeanName=org.springframework.boot.autoconfigure.jersey.JerseyAutoConfiguration; factoryMethodName=requestContextFilter; initMethodName=null; destroyMethodName=(inferred); defined in class path resource [org/springframework/boot/autoconfigure/jersey/JerseyAutoConfiguration.class]] with [Root bean: class [org.springframework.boot.autoconfigure.web.WebMvcAutoConfiguration$WebMvcAutoConfigurationAdapter]; scope=; abstract=false; lazyInit=false; autowireMode=3; dependencyCheck=0; autowireCandidate=true; primary=false; factoryBeanName=null; factoryMethodName=requestContextFilter; initMethodName=null; destroyMethodName=(inferred); defined in class path resource [org/springframework/boot/autoconfigure/web/WebMvcAutoConfiguration$WebMvcAutoConfigurationAdapter.class]]
2017-08-14 17:52:00,464 WARN [main] o.m.s.m.ClassPathMapperScanner [ClassPathMapperScanner.java:167] - No MyBatis mapper was found in '[com.funnyy.component.oss.server.config]' package. Please check your configuration.
2017-08-14 17:52:00,791 INFO [main] o.s.b.f.a.AutowiredAnnotationBeanPostProcessor [AutowiredAnnotationBeanPostProcessor.java:155] - JSR-330 'javax.inject.Inject' annotation found and supported for autowiring
2017-08-14 17:52:01,300 INFO [main] o.e.j.u.log [Log.java:192] - Logging initialized @3935ms to org.eclipse.jetty.util.log.Slf4jLog
2017-08-14 17:52:01,441 INFO [main] o.s.b.c.e.j.JettyEmbeddedServletContainerFactory [JettyEmbeddedServletContainerFactory.java:176] - Server initialized with port: 8501
2017-08-14 17:52:01,443 INFO [main] o.e.j.s.Server [Server.java:372] - jetty-9.4.5.v20170502
2017-08-14 17:52:01,633 INFO [main] o.e.j.s.session [DefaultSessionIdManager.java:364] - DefaultSessionIdManager workerName=node0
2017-08-14 17:52:01,634 INFO [main] o.e.j.s.session [DefaultSessionIdManager.java:369] - No SessionScavenger set, using defaults
2017-08-14 17:52:01,636 INFO [main] o.e.j.s.session [HouseKeeper.java:149] - Scavenging every 600000ms
2017-08-14 17:52:01,645 INFO [main] o.e.j.s.h.C.application [ContextHandler.java:2221] - Initializing Spring embedded WebApplicationContext
2017-08-14 17:52:01,645 INFO [main] o.s.w.c.ContextLoader [EmbeddedWebApplicationContext.java:276] - Root WebApplicationContext: initialization completed in 2418 ms
2017-08-14 17:52:01,759 INFO [main] c.f.c.o.s.c.JerseyConfig [JerseyConfig.java:35] - load rest resource [exampleResourceImpl] -> [com.funnyy.component.oss.server.rest.impl.ExampleResourceImpl@78f9ed3e]
2017-08-14 17:52:02,014 INFO [main] o.s.b.w.s.ServletRegistrationBean [ServletRegistrationBean.java:190] - Mapping servlet: 'com.funnyy.component.oss.server.config.JerseyConfig' to [/*]
2017-08-14 17:52:02,015 INFO [main] o.s.b.w.s.ServletRegistrationBean [ServletRegistrationBean.java:190] - Mapping servlet: 'dispatcherServlet' to [/]
2017-08-14 17:52:02,016 INFO [main] o.s.b.w.s.FilterRegistrationBean [AbstractFilterRegistrationBean.java:258] - Mapping filter: 'characterEncodingFilter' to: [/*]
2017-08-14 17:52:02,017 INFO [main] o.s.b.w.s.FilterRegistrationBean [AbstractFilterRegistrationBean.java:258] - Mapping filter: 'hiddenHttpMethodFilter' to: [/*]
2017-08-14 17:52:02,019 INFO [main] o.s.b.w.s.FilterRegistrationBean [AbstractFilterRegistrationBean.java:258] - Mapping filter: 'httpPutFormContentFilter' to: [/*]
2017-08-14 17:52:02,020 INFO [main] o.s.b.w.s.FilterRegistrationBean [AbstractFilterRegistrationBean.java:258] - Mapping filter: 'requestContextFilter' to: [/*]
2017-08-14 17:52:02,232 INFO [main] o.e.j.s.h.ContextHandler [ContextHandler.java:788] - Started o.s.b.c.e.j.JettyEmbeddedWebAppContext@1e63d216{/,[file:///private/var/folders/6y/l_vrhst50h1fnj0kx0r3c8mr0000gn/T/jetty-docbase.2668545459119458106.8501/],AVAILABLE}
2017-08-14 17:52:02,233 INFO [main] o.e.j.s.Server [Server.java:444] - Started @4869ms
2017-08-14 17:52:02,385 INFO [main] c.a.d.p.DruidDataSource [DruidDataSource.java:721] - {dataSource-1} inited
2017-08-14 17:52:03,290 INFO [main] o.s.w.s.m.m.a.RequestMappingHandlerAdapter [RequestMappingHandlerAdapter.java:534] - Looking for @ControllerAdvice: org.springframework.boot.context.embedded.AnnotationConfigEmbeddedWebApplicationContext@794cb805: startup date [Mon Aug 14 17:51:59 CST 2017]; root of context hierarchy
2017-08-14 17:52:03,363 INFO [main] o.s.w.s.m.m.a.RequestMappingHandlerMapping [AbstractHandlerMethodMapping.java:543] - Mapped "{[/error]}" onto public org.springframework.http.ResponseEntity<java.util.Map<java.lang.String, java.lang.Object>> org.springframework.boot.autoconfigure.web.BasicErrorController.error(javax.servlet.http.HttpServletRequest)
2017-08-14 17:52:03,364 INFO [main] o.s.w.s.m.m.a.RequestMappingHandlerMapping [AbstractHandlerMethodMapping.java:543] - Mapped "{[/error],produces=[text/html]}" onto public org.springframework.web.servlet.ModelAndView org.springframework.boot.autoconfigure.web.BasicErrorController.errorHtml(javax.servlet.http.HttpServletRequest,javax.servlet.http.HttpServletResponse)
2017-08-14 17:52:03,386 INFO [main] o.s.w.s.h.SimpleUrlHandlerMapping [AbstractUrlHandlerMapping.java:362] - Mapped URL path [/webjars/**] onto handler of type [class org.springframework.web.servlet.resource.ResourceHttpRequestHandler]
2017-08-14 17:52:03,387 INFO [main] o.s.w.s.h.SimpleUrlHandlerMapping [AbstractUrlHandlerMapping.java:362] - Mapped URL path [/**] onto handler of type [class org.springframework.web.servlet.resource.ResourceHttpRequestHandler]
2017-08-14 17:52:03,425 INFO [main] o.s.w.s.h.SimpleUrlHandlerMapping [AbstractUrlHandlerMapping.java:362] - Mapped URL path [/**/favicon.ico] onto handler of type [class org.springframework.web.servlet.resource.ResourceHttpRequestHandler]
2017-08-14 17:52:03,775 INFO [main] o.s.j.e.a.AnnotationMBeanExporter [MBeanExporter.java:431] - Registering beans for JMX exposure on startup
2017-08-14 17:52:03,776 INFO [main] o.s.j.e.a.AnnotationMBeanExporter [MBeanExporter.java:916] - Bean with name 'dataSource' has been autodetected for JMX exposure
2017-08-14 17:52:03,780 INFO [main] o.s.j.e.a.AnnotationMBeanExporter [MBeanExporter.java:671] - Located MBean 'dataSource': registering with JMX server as MBean [com.alibaba.druid.pool:name=dataSource,type=DruidDataSource]
2017-08-14 17:52:04,280 WARN [main] o.g.j.s.ApplicationHandler [ApplicationHandler.java:962] - Component of class interface com.funnyy.component.oss.api.rest.ExampleResource cannot be instantiated and will be ignored.
2017-08-14 17:52:04,490 INFO [main] o.e.j.s.h.C.application [ContextHandler.java:2221] - Initializing Spring FrameworkServlet 'dispatcherServlet'
2017-08-14 17:52:04,490 INFO [main] o.s.w.s.DispatcherServlet [FrameworkServlet.java:489] - FrameworkServlet 'dispatcherServlet': initialization started
2017-08-14 17:52:04,505 INFO [main] o.s.w.s.DispatcherServlet [FrameworkServlet.java:508] - FrameworkServlet 'dispatcherServlet': initialization completed in 15 ms
2017-08-14 17:52:04,545 INFO [main] o.e.j.s.AbstractConnector [AbstractConnector.java:280] - Started ServerConnector@62ddd21b{HTTP/1.1,[http/1.1]}{0.0.0.0:8501}
2017-08-14 17:52:04,546 INFO [main] o.s.b.c.e.j.JettyEmbeddedServletContainer [JettyEmbeddedServletContainer.java:155] - Jetty started on port(s) 8501 (http/1.1)
2017-08-14 17:52:04,550 INFO [main] c.f.c.o.s.Application [StartupInfoLogger.java:57] - Started Application in 6.033 seconds (JVM running for 7.185)
2017-08-14 17:52:07,605 INFO [Thread-19] o.s.b.c.e.AnnotationConfigEmbeddedWebApplicationContext [AbstractApplicationContext.java:984] - Closing org.springframework.boot.context.embedded.AnnotationConfigEmbeddedWebApplicationContext@794cb805: startup date [Mon Aug 14 17:51:59 CST 2017]; root of context hierarchy
2017-08-14 17:52:07,608 INFO [Thread-19] o.s.j.e.a.AnnotationMBeanExporter [MBeanExporter.java:449] - Unregistering JMX-exposed beans on shutdown
2017-08-14 17:52:07,608 INFO [Thread-19] o.s.j.e.a.AnnotationMBeanExporter [MBeanRegistrationSupport.java:241] - Unregistering JMX-exposed beans
2017-08-14 17:52:07,610 INFO [Thread-19] c.a.d.p.DruidDataSource [DruidDataSource.java:1436] - {dataSource-1} closed
2017-08-14 17:52:07,620 INFO [Thread-19] o.e.j.s.AbstractConnector [AbstractConnector.java:320] - Stopped ServerConnector@62ddd21b{HTTP/1.1,[http/1.1]}{0.0.0.0:8501}
2017-08-14 17:52:07,620 INFO [Thread-19] o.e.j.s.session [HouseKeeper.java:167] - Stopped scavenging
2017-08-14 17:52:07,623 INFO [Thread-19] o.e.j.s.h.C.application [ContextHandler.java:2221] - Destroying Spring FrameworkServlet 'dispatcherServlet'
2017-08-14 17:52:07,631 INFO [Thread-19] o.e.j.s.h.ContextHandler [ContextHandler.java:957] - Stopped o.s.b.c.e.j.JettyEmbeddedWebAppContext@1e63d216{/,[file:///private/var/folders/6y/l_vrhst50h1fnj0kx0r3c8mr0000gn/T/jetty-docbase.2668545459119458106.8501/],UNAVAILABLE}
