2017-08-14 17:51:18,074 INFO [main] c.f.c.o.s.Application [StartupInfoLogger.java:48] - Starting Application on sky-pc.local with PID 32000 (/Users/sky/fun/java/oss/oss-server/target/classes started by sky in /Users/sky/fun/java/oss)
2017-08-14 17:51:18,077 INFO [main] c.f.c.o.s.Application [SpringApplication.java:593] - No active profile set, falling back to default profiles: default
2017-08-14 17:51:18,143 INFO [main] o.s.b.c.e.AnnotationConfigEmbeddedWebApplicationContext [AbstractApplicationContext.java:583] - Refreshing org.springframework.boot.context.embedded.AnnotationConfigEmbeddedWebApplicationContext@56a6d5a6: startup date [Mon Aug 14 17:51:18 CST 2017]; root of context hierarchy
2017-08-14 17:51:18,638 INFO [background-preinit] o.h.v.i.u.Version [Version.java:30] - HV000001: Hibernate Validator 5.3.5.Final
2017-08-14 17:51:19,066 INFO [main] o.s.b.f.s.DefaultListableBeanFactory [DefaultListableBeanFactory.java:828] - Overriding bean definition for bean 'requestContextFilter' with a different definition: replacing [Root bean: class [null]; scope=; abstract=false; lazyInit=false; autowireMode=3; dependencyCheck=0; autowireCandidate=true; primary=false; factoryBeanName=org.springframework.boot.autoconfigure.jersey.JerseyAutoConfiguration; factoryMethodName=requestContextFilter; initMethodName=null; destroyMethodName=(inferred); defined in class path resource [org/springframework/boot/autoconfigure/jersey/JerseyAutoConfiguration.class]] with [Root bean: class [org.springframework.boot.autoconfigure.web.WebMvcAutoConfiguration$WebMvcAutoConfigurationAdapter]; scope=; abstract=false; lazyInit=false; autowireMode=3; dependencyCheck=0; autowireCandidate=true; primary=false; factoryBeanName=null; factoryMethodName=requestContextFilter; initMethodName=null; destroyMethodName=(inferred); defined in class path resource [org/springframework/boot/autoconfigure/web/WebMvcAutoConfiguration$WebMvcAutoConfigurationAdapter.class]]
2017-08-14 17:51:19,080 WARN [main] o.m.s.m.ClassPathMapperScanner [ClassPathMapperScanner.java:167] - No MyBatis mapper was found in '[com.funnyy.component.oss.server.config]' package. Please check your configuration.
2017-08-14 17:51:19,399 INFO [main] o.s.b.f.a.AutowiredAnnotationBeanPostProcessor [AutowiredAnnotationBeanPostProcessor.java:155] - JSR-330 'javax.inject.Inject' annotation found and supported for autowiring
2017-08-14 17:51:20,003 INFO [main] o.e.j.u.log [Log.java:192] - Logging initialized @4210ms to org.eclipse.jetty.util.log.Slf4jLog
2017-08-14 17:51:20,169 INFO [main] o.s.b.c.e.j.JettyEmbeddedServletContainerFactory [JettyEmbeddedServletContainerFactory.java:176] - Server initialized with port: 8080
2017-08-14 17:51:20,172 INFO [main] o.e.j.s.Server [Server.java:372] - jetty-9.4.5.v20170502
2017-08-14 17:51:20,544 INFO [main] o.e.j.s.session [DefaultSessionIdManager.java:364] - DefaultSessionIdManager workerName=node0
2017-08-14 17:51:20,545 INFO [main] o.e.j.s.session [DefaultSessionIdManager.java:369] - No SessionScavenger set, using defaults
2017-08-14 17:51:20,547 INFO [main] o.e.j.s.session [HouseKeeper.java:149] - Scavenging every 660000ms
2017-08-14 17:51:20,563 INFO [main] o.e.j.s.h.C.application [ContextHandler.java:2221] - Initializing Spring embedded WebApplicationContext
2017-08-14 17:51:20,563 INFO [main] o.s.w.c.ContextLoader [EmbeddedWebApplicationContext.java:276] - Root WebApplicationContext: initialization completed in 2420 ms
2017-08-14 17:51:20,706 INFO [main] c.f.c.o.s.c.JerseyConfig [JerseyConfig.java:35] - load rest resource [exampleResourceImpl] -> [com.funnyy.component.oss.server.rest.impl.ExampleResourceImpl@238ad8c]
2017-08-14 17:51:21,060 INFO [main] o.s.b.w.s.ServletRegistrationBean [ServletRegistrationBean.java:190] - Mapping servlet: 'com.funnyy.component.oss.server.config.JerseyConfig' to [/*]
2017-08-14 17:51:21,062 INFO [main] o.s.b.w.s.ServletRegistrationBean [ServletRegistrationBean.java:190] - Mapping servlet: 'dispatcherServlet' to [/]
2017-08-14 17:51:21,063 INFO [main] o.s.b.w.s.FilterRegistrationBean [AbstractFilterRegistrationBean.java:258] - Mapping filter: 'characterEncodingFilter' to: [/*]
2017-08-14 17:51:21,065 INFO [main] o.s.b.w.s.FilterRegistrationBean [AbstractFilterRegistrationBean.java:258] - Mapping filter: 'hiddenHttpMethodFilter' to: [/*]
2017-08-14 17:51:21,065 INFO [main] o.s.b.w.s.FilterRegistrationBean [AbstractFilterRegistrationBean.java:258] - Mapping filter: 'httpPutFormContentFilter' to: [/*]
2017-08-14 17:51:21,066 INFO [main] o.s.b.w.s.FilterRegistrationBean [AbstractFilterRegistrationBean.java:258] - Mapping filter: 'requestContextFilter' to: [/*]
2017-08-14 17:51:21,382 INFO [main] o.e.j.s.h.ContextHandler [ContextHandler.java:788] - Started o.s.b.c.e.j.JettyEmbeddedWebAppContext@4d33940d{/,[file:///private/var/folders/6y/l_vrhst50h1fnj0kx0r3c8mr0000gn/T/jetty-docbase.7794618009449068604.8080/],AVAILABLE}
2017-08-14 17:51:21,383 INFO [main] o.e.j.s.Server [Server.java:444] - Started @5590ms
2017-08-14 17:51:21,398 WARN [main] o.s.b.c.e.AnnotationConfigEmbeddedWebApplicationContext [AbstractApplicationContext.java:551] - Exception encountered during context initialization - cancelling refresh attempt: org.springframework.beans.factory.BeanCreationException: Error creating bean with name 'databaseProperties': Injection of autowired dependencies failed; nested exception is java.lang.IllegalArgumentException: Could not resolve placeholder 'database.driverClassName' in value "${database.driverClassName}"
2017-08-14 17:51:21,404 INFO [main] o.e.j.s.session [HouseKeeper.java:167] - Stopped scavenging
2017-08-14 17:51:21,413 INFO [main] o.e.j.s.h.ContextHandler [ContextHandler.java:957] - Stopped o.s.b.c.e.j.JettyEmbeddedWebAppContext@4d33940d{/,[file:///private/var/folders/6y/l_vrhst50h1fnj0kx0r3c8mr0000gn/T/jetty-docbase.7794618009449068604.8080/],UNAVAILABLE}
2017-08-14 17:51:21,420 INFO [main] o.s.b.a.l.AutoConfigurationReportLoggingInitializer [AutoConfigurationReportLoggingInitializer.java:101] - 

Error starting ApplicationContext. To display the auto-configuration report re-run your application with 'debug' enabled.
2017-08-14 17:51:21,426 ERROR [main] o.s.b.SpringApplication [SpringApplication.java:771] - Application startup failed
org.springframework.beans.factory.BeanCreationException: Error creating bean with name 'databaseProperties': Injection of autowired dependencies failed; nested exception is java.lang.IllegalArgumentException: Could not resolve placeholder 'database.driverClassName' in value "${database.driverClassName}"
	at org.springframework.beans.factory.annotation.AutowiredAnnotationBeanPostProcessor.postProcessPropertyValues(AutowiredAnnotationBeanPostProcessor.java:372)
	at org.springframework.beans.factory.support.AbstractAutowireCapableBeanFactory.populateBean(AbstractAutowireCapableBeanFactory.java:1264)
	at org.springframework.beans.factory.support.AbstractAutowireCapableBeanFactory.doCreateBean(AbstractAutowireCapableBeanFactory.java:553)
	at org.springframework.beans.factory.support.AbstractAutowireCapableBeanFactory.createBean(AbstractAutowireCapableBeanFactory.java:483)
	at org.springframework.beans.factory.support.AbstractBeanFactory$1.getObject(AbstractBeanFactory.java:306)
	at org.springframework.beans.factory.support.DefaultSingletonBeanRegistry.getSingleton(DefaultSingletonBeanRegistry.java:230)
	at org.springframework.beans.factory.support.AbstractBeanFactory.doGetBean(AbstractBeanFactory.java:302)
	at org.springframework.beans.factory.support.AbstractBeanFactory.getBean(AbstractBeanFactory.java:197)
	at org.springframework.beans.factory.support.DefaultListableBeanFactory.preInstantiateSingletons(DefaultListableBeanFactory.java:761)
	at org.springframework.context.support.AbstractApplicationContext.finishBeanFactoryInitialization(AbstractApplicationContext.java:867)
	at org.springframework.context.support.AbstractApplicationContext.refresh(AbstractApplicationContext.java:543)
	at org.springframework.boot.context.embedded.EmbeddedWebApplicationContext.refresh(EmbeddedWebApplicationContext.java:122)
	at org.springframework.boot.SpringApplication.refresh(SpringApplication.java:693)
	at org.springframework.boot.SpringApplication.refreshContext(SpringApplication.java:360)
	at org.springframework.boot.SpringApplication.run(SpringApplication.java:303)
	at org.springframework.boot.SpringApplication.run(SpringApplication.java:1118)
	at org.springframework.boot.SpringApplication.run(SpringApplication.java:1107)
	at com.funnyy.component.oss.server.Application.main(Application.java:11)
Caused by: java.lang.IllegalArgumentException: Could not resolve placeholder 'database.driverClassName' in value "${database.driverClassName}"
	at org.springframework.util.PropertyPlaceholderHelper.parseStringValue(PropertyPlaceholderHelper.java:174)
	at org.springframework.util.PropertyPlaceholderHelper.replacePlaceholders(PropertyPlaceholderHelper.java:126)
	at org.springframework.core.env.AbstractPropertyResolver.doResolvePlaceholders(AbstractPropertyResolver.java:236)
	at org.springframework.core.env.AbstractPropertyResolver.resolveRequiredPlaceholders(AbstractPropertyResolver.java:210)
	at org.springframework.context.support.PropertySourcesPlaceholderConfigurer$2.resolveStringValue(PropertySourcesPlaceholderConfigurer.java:172)
	at org.springframework.beans.factory.support.AbstractBeanFactory.resolveEmbeddedValue(AbstractBeanFactory.java:831)
	at org.springframework.beans.factory.support.DefaultListableBeanFactory.doResolveDependency(DefaultListableBeanFactory.java:1086)
	at org.springframework.beans.factory.support.DefaultListableBeanFactory.resolveDependency(DefaultListableBeanFactory.java:1066)
	at org.springframework.beans.factory.annotation.AutowiredAnnotationBeanPostProcessor$AutowiredFieldElement.inject(AutowiredAnnotationBeanPostProcessor.java:585)
	at org.springframework.beans.factory.annotation.InjectionMetadata.inject(InjectionMetadata.java:88)
	at org.springframework.beans.factory.annotation.AutowiredAnnotationBeanPostProcessor.postProcessPropertyValues(AutowiredAnnotationBeanPostProcessor.java:366)
	... 17 common frames omitted
